-------------------------------------------------------------------------------
Test set: com.te.junit.math.MathUtilTest
-------------------------------------------------------------------------------
Tests run: 1, Failures: 1, Errors: 0, Skipped: 0, Time elapsed: 0.001 s <<< FAILURE! - in com.te.junit.math.MathUtilTest
testAdd  Time elapsed: 0.001 s  <<< FAILURE!
org.opentest4j.AssertionFailedError: this was demo example ==> expected: <12> but was: <10>
	at com.te.junit.math.MathUtilTest.testAdd(MathUtilTest.java:34)

