-------------------------------------------------------------------------------
Test set: com.te.junit.AppTest
-------------------------------------------------------------------------------
Tests run: 1, Failures: 1, Errors: 0, Skipped: 0, Time elapsed: 0.037 s <<< FAILURE! - in com.te.junit.AppTest
test  Time elapsed: 0.029 s  <<< FAILURE!
org.opentest4j.AssertionFailedError: msg
	at com.te.junit.AppTest.test(AppTest.java:11)

